<?xml version="1.0" encoding="UTF-8"?>
<!-- Generated by org.testng.reporters.JUnitReportReporter -->
<testsuite hostname="DESKTOP-URMI16H" name="com.hrms.TestScripts.TC_102" tests="1" failures="0" timestamp="29 Nov 2019 11:15:26 GMT" time="32.353" errors="0">
  <testcase name="TC102" time="32.353" classname="com.hrms.TestScripts.TC_102"/>
</testsuite> <!-- com.hrms.TestScripts.TC_102 -->
